undefined - [32minfo[39m: [32mAplicação em Execucação...[39m
undefined - [32minfo[39m: [32mAplicação em Execucação...[39m
2023-10-03 19:31:47:3147 - [32minfo[39m: [32mAplicação em Execucação...[39m
03-10-2023 19:32:15 - [32minfo[39m: [32mAplicação em Execucação...[39m
03-10-2023 19:33:27 - [32minfo[39m: [32mConectado com Sucesso![39m
03-10-2023 19:33:27 - [32minfo[39m: [32mAplicação em Execucação...[39m
03-10-2023 19:34:02 - [32minfo[39m: [32mConectado com Sucesso![39m
03-10-2023 19:34:02 - [32minfo[39m: [32mAplicação em Execucação...[39m
03-10-2023 19:34:26 - [31merror[39m: [31mNão foi possivel Conectar[39m
03-10-2023 19:34:26 - [31merror[39m: [31mERROR: MongoParseError: Invalid scheme, expected connection string to start with "mongodb://" or "mongodb+srv://"[39m
03-10-2023 19:34:26 - [32minfo[39m: [32mAplicação em Execucação...[39m
03-10-2023 19:34:38 - [32minfo[39m: [32mConectado com Sucesso![39m
03-10-2023 19:34:38 - [32minfo[39m: [32mAplicação em Execucação...[39m
03-10-2023 19:35:16 - [32minfo[39m: [32mConectado com Sucesso![39m
03-10-2023 19:35:16 - [32minfo[39m: [32mAplicação em Execucação...[39m
03-10-2023 19:35:28 - [31merror[39m: [31mNão foi possivel Conectar[39m
03-10-2023 19:35:53 - [32minfo[39m: [32mConectado com Sucesso![39m
03-10-2023 19:35:53 - [32minfo[39m: [32mAplicação em Execucação...[39m
03-10-2023 19:49:27 - [32minfo[39m: [32mConectado com Sucesso![39m
03-10-2023 19:49:27 - [32minfo[39m: [32mAplicação em Execucação...[39m
03-10-2023 19:50:10 - [32minfo[39m: [32mConectado com Sucesso![39m
03-10-2023 19:50:10 - [32minfo[39m: [32mAplicação em Execucação...[39m
03-10-2023 19:51:31 - [32minfo[39m: [32mConectado com Sucesso![39m
03-10-2023 19:51:31 - [32minfo[39m: [32mAplicação em Execucação...[39m
03-10-2023 19:52:07 - [32minfo[39m: [32mConectado com Sucesso![39m
03-10-2023 19:52:07 - [32minfo[39m: [32mAplicação em Execucação...[39m
03-10-2023 19:53:29 - [32minfo[39m: [32mConectado com Sucesso![39m
03-10-2023 19:53:29 - [32minfo[39m: [32mAplicação em Execucação...[39m
03-10-2023 19:53:33 - [35mhttp[39m: [35mGET /api/api 200 12 - 5.383 ms[39m
[35m[39m
03-10-2023 20:06:49 - [32minfo[39m: [32mConectado com Sucesso![39m
03-10-2023 20:06:49 - [32minfo[39m: [32mAplicação em Execucação...[39m
03-10-2023 20:08:40 - [35mhttp[39m: [35mPOST /api/movie 200 33 - 5.104 ms[39m
[35m[39m
03-10-2023 20:16:10 - [32minfo[39m: [32mConectado com Sucesso![39m
03-10-2023 20:16:10 - [32minfo[39m: [32mAplicação em Execucação...[39m
03-10-2023 20:16:14 - [32minfo[39m: [32mConectado com Sucesso![39m
03-10-2023 20:16:14 - [32minfo[39m: [32mAplicação em Execucação...[39m
03-10-2023 20:31:28 - [32minfo[39m: [32mConectado com Sucesso![39m
03-10-2023 20:31:28 - [32minfo[39m: [32mAplicação em Execucação...[39m
03-10-2023 20:31:51 - [32minfo[39m: [32mConectado com Sucesso![39m
03-10-2023 20:31:51 - [32minfo[39m: [32mAplicação em Execucação...[39m
03-10-2023 20:36:35 - [32minfo[39m: [32mConectado com Sucesso![39m
03-10-2023 20:36:35 - [32minfo[39m: [32mAplicação em Execucação...[39m
03-10-2023 21:46:20 - [32minfo[39m: [32mConectado com Sucesso![39m
03-10-2023 21:46:20 - [32minfo[39m: [32mAplicação em Execucação...[39m
03-10-2023 21:47:03 - [32minfo[39m: [32mConectado com Sucesso![39m
03-10-2023 21:47:03 - [32minfo[39m: [32mAplicação em Execucação...[39m
03-10-2023 21:48:05 - [32minfo[39m: [32mConectado com Sucesso![39m
03-10-2023 21:48:05 - [32minfo[39m: [32mAplicação em Execucação...[39m
03-10-2023 21:52:49 - [32minfo[39m: [32mConectado com Sucesso![39m
03-10-2023 21:52:49 - [32minfo[39m: [32mAplicação em Execucação...[39m
03-10-2023 21:52:58 - [32minfo[39m: [32mConectado com Sucesso![39m
03-10-2023 21:52:58 - [32minfo[39m: [32mAplicação em Execucação...[39m
03-10-2023 21:55:27 - [32minfo[39m: [32mConectado com Sucesso![39m
03-10-2023 21:55:27 - [32minfo[39m: [32mAplicação em Execucação...[39m
03-10-2023 21:57:00 - [32minfo[39m: [32mConectado com Sucesso![39m
03-10-2023 21:57:00 - [32minfo[39m: [32mAplicação em Execucação...[39m
03-10-2023 21:59:08 - [35mhttp[39m: [35mPOST /api/movie 422 291 - 20.683 ms[39m
[35m[39m
03-10-2023 22:04:50 - [35mhttp[39m: [35mPOST /api/movie 201 614 - 139.866 ms[39m
[35m[39m
03-10-2023 22:12:39 - [32minfo[39m: [32mConectado com Sucesso![39m
03-10-2023 22:12:39 - [32minfo[39m: [32mAplicação em Execucação...[39m
03-10-2023 22:13:01 - [32minfo[39m: [32mConectado com Sucesso![39m
03-10-2023 22:13:01 - [32minfo[39m: [32mAplicação em Execucação...[39m
03-10-2023 22:13:24 - [32minfo[39m: [32mConectado com Sucesso![39m
03-10-2023 22:13:24 - [32minfo[39m: [32mAplicação em Execucação...[39m
03-10-2023 22:13:41 - [32minfo[39m: [32mConectado com Sucesso![39m
03-10-2023 22:13:41 - [32minfo[39m: [32mAplicação em Execucação...[39m
03-10-2023 22:15:45 - [35mhttp[39m: [35mGET /api//movie/651cba32e731ca9513e25371 - - - - ms[39m
[35m[39m
03-10-2023 22:15:48 - [31merror[39m: [31mErro no Sistema: Cast to ObjectId failed for value "651cba32e731ca9513e2537" (type string) at path "_id" for model "Movie"[39m
03-10-2023 22:16:07 - [35mhttp[39m: [35mGET /api//movie/651cba32e731ca9513e2537 - - - - ms[39m
[35m[39m
03-10-2023 22:16:19 - [31merror[39m: [31mErro no Sistema: Cast to ObjectId failed for value "651cba32e731ca9513e2537" (type string) at path "_id" for model "Movie"[39m
03-10-2023 22:16:20 - [35mhttp[39m: [35mGET /api//movie/651cba32e731ca9513e2537 - - - - ms[39m
[35m[39m
03-10-2023 22:16:34 - [31merror[39m: [31mErro no Sistema: Cast to ObjectId failed for value "651cba32e731ca9513e2537" (type string) at path "_id" for model "Movie"[39m
03-10-2023 22:17:17 - [35mhttp[39m: [35mGET /api//movie/651cba32e731ca9513e2537 - - - - ms[39m
[35m[39m
03-10-2023 22:17:22 - [35mhttp[39m: [35mGET /api//movie/651cba32e731ca9513e25372 404 32 - 51.137 ms[39m
[35m[39m
03-10-2023 22:18:00 - [32minfo[39m: [32mConectado com Sucesso![39m
03-10-2023 22:18:00 - [32minfo[39m: [32mAplicação em Execucação...[39m
03-10-2023 22:18:04 - [35mhttp[39m: [35mGET /api//movie/651cba32e731ca9513e25371 200 614 - 76.786 ms[39m
[35m[39m
05-10-2023 18:53:50 - [31merror[39m: [31mNão foi possivel Conectar[39m
05-10-2023 19:01:23 - [32minfo[39m: [32mConectado com Sucesso![39m
05-10-2023 19:01:23 - [32minfo[39m: [32mAplicação em Execucação...[39m
05-10-2023 19:03:20 - [35mhttp[39m: [35mGET /api//movie/651cba32e731ca9513e25371 200 614 - 99.962 ms[39m
[35m[39m
05-10-2023 19:27:42 - [32minfo[39m: [32mConectado com Sucesso![39m
05-10-2023 19:27:42 - [32minfo[39m: [32mAplicação em Execucação...[39m
05-10-2023 19:28:00 - [32minfo[39m: [32mConectado com Sucesso![39m
05-10-2023 19:28:00 - [32minfo[39m: [32mAplicação em Execucação...[39m
05-10-2023 19:29:37 - [35mhttp[39m: [35mGET /api//movie 200 616 - 137.380 ms[39m
[35m[39m
05-10-2023 19:32:20 - [32minfo[39m: [32mConectado com Sucesso![39m
05-10-2023 19:32:20 - [32minfo[39m: [32mAplicação em Execucação...[39m
05-10-2023 19:33:49 - [32minfo[39m: [32mConectado com Sucesso![39m
05-10-2023 19:33:49 - [32minfo[39m: [32mAplicação em Execucação...[39m
05-10-2023 19:36:26 - [32minfo[39m: [32mConectado com Sucesso![39m
05-10-2023 19:36:26 - [32minfo[39m: [32mAplicação em Execucação...[39m
05-10-2023 19:37:14 - [32minfo[39m: [32mConectado com Sucesso![39m
05-10-2023 19:37:14 - [32minfo[39m: [32mAplicação em Execucação...[39m
05-10-2023 19:38:39 - [35mhttp[39m: [35mDELETE /api/movie/651cba32e731ca9513e25372 404 32 - 65.737 ms[39m
[35m[39m
05-10-2023 19:41:14 - [32minfo[39m: [32mConectado com Sucesso![39m
05-10-2023 19:41:14 - [32minfo[39m: [32mAplicação em Execucação...[39m
05-10-2023 19:43:33 - [32minfo[39m: [32mConectado com Sucesso![39m
05-10-2023 19:43:33 - [32minfo[39m: [32mAplicação em Execucação...[39m
05-10-2023 19:43:57 - [32minfo[39m: [32mConectado com Sucesso![39m
05-10-2023 19:43:57 - [32minfo[39m: [32mAplicação em Execucação...[39m
05-10-2023 19:45:29 - [32minfo[39m: [32mConectado com Sucesso![39m
05-10-2023 19:45:29 - [32minfo[39m: [32mAplicação em Execucação...[39m
05-10-2023 19:45:52 - [35mhttp[39m: [35mGET /api//movie/651cba32e731ca9513e25374 404 32 - 70.958 ms[39m
[35m[39m
05-10-2023 19:51:10 - [32minfo[39m: [32mConectado com Sucesso![39m
05-10-2023 19:51:10 - [32minfo[39m: [32mAplicação em Execucação...[39m
05-10-2023 19:53:04 - [32minfo[39m: [32mConectado com Sucesso![39m
05-10-2023 19:53:04 - [32minfo[39m: [32mAplicação em Execucação...[39m
